0 info it worked if it ends with ok
1 verbose cli [ 'C:\\Program Files\\nodejs\\node.exe',
1 verbose cli   'C:\\Program Files\\nodejs\\node_modules\\npm\\bin\\npm-cli.js',
1 verbose cli   'run',
1 verbose cli   'forward' ]
2 info using npm@3.10.10
3 info using node@v6.11.2
4 verbose run-script [ 'preforward', 'forward', 'postforward' ]
5 info lifecycle projectI@~preforward: projectI@
6 silly lifecycle projectI@~preforward: no script for preforward, continuing
7 info lifecycle projectI@~forward: projectI@
8 verbose lifecycle projectI@~forward: unsafe-perm in lifecycle true
9 verbose lifecycle projectI@~forward: PATH: C:\Program Files\nodejs\node_modules\npm\bin\node-gyp-bin;D:\app\projectI\node_modules\.bin;c:\programdata\oracle\java\javapath;c:\windows\system32\;c:\windows;c:\windows\system32\wbem;c:\windows\system32\windowspowershell\v1.0\;c:\program files\microsoft\web platform installer\;c:\program files (x86)\microsoft asp.net\asp.net web pages\v1.0\;c:\program files (x86)\windows kits\8.0\windows performance toolkit\;c:\program files\microsoft sql server\110\tools\binn\;c:\program files (x86)\symfonia\pdf;c:\program files (x86)\gnu\gnupg\pub;C:\Program Files\nodejs\;C:\Program Files (x86)\NVIDIA Corporation\PhysX\Common;C:\Program Files (x86)\Skype\Phone\;C:\Users\Felivian\AppData\Local\.meteor\;C:\Users\Felivian\AppData\Roaming\npm;C:\Users\Felivian\AppData\Local\Programs\Fiddler
10 verbose lifecycle projectI@~forward: CWD: D:\app\projectI
11 silly lifecycle projectI@~forward: Args: [ '/d /s /c', 'lt --port 3000 --subdomain test' ]
12 silly lifecycle projectI@~forward: Returned: code: 1  signal: null
13 info lifecycle projectI@~forward: Failed to exec forward script
14 verbose stack Error: projectI@ forward: `lt --port 3000 --subdomain test`
14 verbose stack Exit status 1
14 verbose stack     at EventEmitter.<anonymous> (C:\Program Files\nodejs\node_modules\npm\lib\utils\lifecycle.js:255:16)
14 verbose stack     at emitTwo (events.js:106:13)
14 verbose stack     at EventEmitter.emit (events.js:191:7)
14 verbose stack     at ChildProcess.<anonymous> (C:\Program Files\nodejs\node_modules\npm\lib\utils\spawn.js:40:14)
14 verbose stack     at emitTwo (events.js:106:13)
14 verbose stack     at ChildProcess.emit (events.js:191:7)
14 verbose stack     at maybeClose (internal/child_process.js:891:16)
14 verbose stack     at Process.ChildProcess._handle.onexit (internal/child_process.js:226:5)
15 verbose pkgid projectI@
16 verbose cwd D:\app\projectI
17 error Windows_NT 6.1.7601
18 error argv "C:\\Program Files\\nodejs\\node.exe" "C:\\Program Files\\nodejs\\node_modules\\npm\\bin\\npm-cli.js" "run" "forward"
19 error node v6.11.2
20 error npm  v3.10.10
21 error code ELIFECYCLE
22 error projectI@ forward: `lt --port 3000 --subdomain test`
22 error Exit status 1
23 error Failed at the projectI@ forward script 'lt --port 3000 --subdomain test'.
23 error Make sure you have the latest version of node.js and npm installed.
23 error If you do, this is most likely a problem with the projectI package,
23 error not with npm itself.
23 error Tell the author that this fails on your system:
23 error     lt --port 3000 --subdomain test
23 error You can get information on how to open an issue for this project with:
23 error     npm bugs projectI
23 error Or if that isn't available, you can get their info via:
23 error     npm owner ls projectI
23 error There is likely additional logging output above.
24 verbose exit [ 1, true ]
